# No SInE strategy applied
# Trying AutoSched0 for 0 seconds
# AutoSched0-Mode selected heuristic G_E___208_C18_F1_SE_CS_SP_PS_S05AN
# and selection function PSelectComplexExceptUniqMaxPosHorn.
#
# Preprocessing time       : 0.020 s
# Presaturation interreduction done

# No proof found!
# SZS status CounterSatisfiable
# SZS output start Saturation
fof(t68_tops_2, conjecture, ![X1]:(l1_struct_0(X1)=>![X2]:(l1_struct_0(X2)=>![X3]:((v1_funct_1(X3)&(v1_funct_2(X3,u1_struct_0(X1),u1_struct_0(X2))&m1_subset_1(X3,k1_zfmisc_1(k2_zfmisc_1(u1_struct_0(X1),u1_struct_0(X2))))))=>![X4]:(m1_subset_1(X4,k1_zfmisc_1(u1_struct_0(X2)))=>((k2_relset_1(u1_struct_0(X1),u1_struct_0(X2),X3)=k2_struct_0(X2)&v2_funct_1(X3))=>k8_relset_1(u1_struct_0(X1),u1_struct_0(X2),X3,X4)=k7_relset_1(u1_struct_0(X2),u1_struct_0(X1),k2_tops_2(u1_struct_0(X1),u1_struct_0(X2),X3),X4)))))), file('data/example/atpboost_data/proofs/081fafb3bf5a4cc7ae96cbb3bce17706.p', t68_tops_2)).
fof(redefinition_k1_relset_1, axiom, ![X1, X2, X3]:(m1_subset_1(X3,k1_zfmisc_1(k2_zfmisc_1(X1,X2)))=>k1_relset_1(X1,X2,X3)=k1_relat_1(X3)), file('data/example/atpboost_data/proofs/081fafb3bf5a4cc7ae96cbb3bce17706.p', redefinition_k1_relset_1)).
fof(redefinition_k2_relset_1, axiom, ![X1, X2, X3]:(m1_subset_1(X3,k1_zfmisc_1(k2_zfmisc_1(X1,X2)))=>k2_relset_1(X1,X2,X3)=k2_relat_1(X3)), file('data/example/atpboost_data/proofs/081fafb3bf5a4cc7ae96cbb3bce17706.p', redefinition_k2_relset_1)).
fof(cc1_relset_1, axiom, ![X1, X2, X3]:(m1_subset_1(X3,k1_zfmisc_1(k2_zfmisc_1(X1,X2)))=>v1_relat_1(X3)), file('data/example/atpboost_data/proofs/081fafb3bf5a4cc7ae96cbb3bce17706.p', cc1_relset_1)).
fof(d3_struct_0, axiom, ![X1]:(l1_struct_0(X1)=>k2_struct_0(X1)=u1_struct_0(X1)), file('data/example/atpboost_data/proofs/081fafb3bf5a4cc7ae96cbb3bce17706.p', d3_struct_0)).
fof(c_0_5, negated_conjecture, ~(![X1]:(l1_struct_0(X1)=>![X2]:(l1_struct_0(X2)=>![X3]:((v1_funct_1(X3)&(v1_funct_2(X3,u1_struct_0(X1),u1_struct_0(X2))&m1_subset_1(X3,k1_zfmisc_1(k2_zfmisc_1(u1_struct_0(X1),u1_struct_0(X2))))))=>![X4]:(m1_subset_1(X4,k1_zfmisc_1(u1_struct_0(X2)))=>((k2_relset_1(u1_struct_0(X1),u1_struct_0(X2),X3)=k2_struct_0(X2)&v2_funct_1(X3))=>k8_relset_1(u1_struct_0(X1),u1_struct_0(X2),X3,X4)=k7_relset_1(u1_struct_0(X2),u1_struct_0(X1),k2_tops_2(u1_struct_0(X1),u1_struct_0(X2),X3),X4))))))), inference(assume_negation,[status(cth)],[t68_tops_2])).
fof(c_0_6, plain, ![X16, X17, X18]:(~m1_subset_1(X18,k1_zfmisc_1(k2_zfmisc_1(X16,X17)))|k1_relset_1(X16,X17,X18)=k1_relat_1(X18)), inference(variable_rename,[status(thm)],[inference(fof_nnf,[status(thm)],[redefinition_k1_relset_1])])).
fof(c_0_7, negated_conjecture, (l1_struct_0(esk1_0)&(l1_struct_0(esk2_0)&((v1_funct_1(esk3_0)&(v1_funct_2(esk3_0,u1_struct_0(esk1_0),u1_struct_0(esk2_0))&m1_subset_1(esk3_0,k1_zfmisc_1(k2_zfmisc_1(u1_struct_0(esk1_0),u1_struct_0(esk2_0))))))&(m1_subset_1(esk4_0,k1_zfmisc_1(u1_struct_0(esk2_0)))&((k2_relset_1(u1_struct_0(esk1_0),u1_struct_0(esk2_0),esk3_0)=k2_struct_0(esk2_0)&v2_funct_1(esk3_0))&k8_relset_1(u1_struct_0(esk1_0),u1_struct_0(esk2_0),esk3_0,esk4_0)!=k7_relset_1(u1_struct_0(esk2_0),u1_struct_0(esk1_0),k2_tops_2(u1_struct_0(esk1_0),u1_struct_0(esk2_0),esk3_0),esk4_0)))))), inference(skolemize,[status(esa)],[inference(variable_rename,[status(thm)],[inference(fof_nnf,[status(thm)],[c_0_5])])])).
fof(c_0_8, plain, ![X12, X13, X14]:(~m1_subset_1(X14,k1_zfmisc_1(k2_zfmisc_1(X12,X13)))|k2_relset_1(X12,X13,X14)=k2_relat_1(X14)), inference(variable_rename,[status(thm)],[inference(fof_nnf,[status(thm)],[redefinition_k2_relset_1])])).
fof(c_0_9, plain, ![X9, X10, X11]:(~m1_subset_1(X11,k1_zfmisc_1(k2_zfmisc_1(X9,X10)))|v1_relat_1(X11)), inference(variable_rename,[status(thm)],[inference(fof_nnf,[status(thm)],[cc1_relset_1])])).
fof(c_0_10, plain, ![X15]:(~l1_struct_0(X15)|k2_struct_0(X15)=u1_struct_0(X15)), inference(variable_rename,[status(thm)],[inference(fof_nnf,[status(thm)],[d3_struct_0])])).
cnf(c_0_11, plain, (k1_relset_1(X2,X3,X1)=k1_relat_1(X1)|~m1_subset_1(X1,k1_zfmisc_1(k2_zfmisc_1(X2,X3)))), inference(split_conjunct,[status(thm)],[c_0_6]), ['final']).
cnf(c_0_12, negated_conjecture, (m1_subset_1(esk3_0,k1_zfmisc_1(k2_zfmisc_1(u1_struct_0(esk1_0),u1_struct_0(esk2_0))))), inference(split_conjunct,[status(thm)],[c_0_7]), ['final']).
cnf(c_0_13, plain, (k2_relset_1(X2,X3,X1)=k2_relat_1(X1)|~m1_subset_1(X1,k1_zfmisc_1(k2_zfmisc_1(X2,X3)))), inference(split_conjunct,[status(thm)],[c_0_8]), ['final']).
cnf(c_0_14, negated_conjecture, (k2_relset_1(u1_struct_0(esk1_0),u1_struct_0(esk2_0),esk3_0)=k2_struct_0(esk2_0)), inference(split_conjunct,[status(thm)],[c_0_7]), ['final']).
cnf(c_0_15, plain, (v1_relat_1(X1)|~m1_subset_1(X1,k1_zfmisc_1(k2_zfmisc_1(X2,X3)))), inference(split_conjunct,[status(thm)],[c_0_9]), ['final']).
cnf(c_0_16, plain, (k2_struct_0(X1)=u1_struct_0(X1)|~l1_struct_0(X1)), inference(split_conjunct,[status(thm)],[c_0_10]), ['final']).
cnf(c_0_17, negated_conjecture, (k8_relset_1(u1_struct_0(esk1_0),u1_struct_0(esk2_0),esk3_0,esk4_0)!=k7_relset_1(u1_struct_0(esk2_0),u1_struct_0(esk1_0),k2_tops_2(u1_struct_0(esk1_0),u1_struct_0(esk2_0),esk3_0),esk4_0)), inference(split_conjunct,[status(thm)],[c_0_7]), ['final']).
cnf(c_0_18, negated_conjecture, (k1_relset_1(u1_struct_0(esk1_0),u1_struct_0(esk2_0),esk3_0)=k1_relat_1(esk3_0)), inference(spm,[status(thm)],[c_0_11, c_0_12]), ['final']).
cnf(c_0_19, negated_conjecture, (k2_relat_1(esk3_0)=k2_struct_0(esk2_0)), inference(cn,[status(thm)],[inference(rw,[status(thm)],[inference(spm,[status(thm)],[c_0_13, c_0_14]), c_0_12])]), ['final']).
cnf(c_0_20, negated_conjecture, (v1_relat_1(esk3_0)), inference(spm,[status(thm)],[c_0_15, c_0_12]), ['final']).
cnf(c_0_21, negated_conjecture, (v1_funct_2(esk3_0,u1_struct_0(esk1_0),u1_struct_0(esk2_0))), inference(split_conjunct,[status(thm)],[c_0_7]), ['final']).
cnf(c_0_22, negated_conjecture, (m1_subset_1(esk4_0,k1_zfmisc_1(u1_struct_0(esk2_0)))), inference(split_conjunct,[status(thm)],[c_0_7]), ['final']).
cnf(c_0_23, negated_conjecture, (v2_funct_1(esk3_0)), inference(split_conjunct,[status(thm)],[c_0_7]), ['final']).
cnf(c_0_24, negated_conjecture, (v1_funct_1(esk3_0)), inference(split_conjunct,[status(thm)],[c_0_7]), ['final']).
cnf(c_0_25, negated_conjecture, (l1_struct_0(esk2_0)), inference(split_conjunct,[status(thm)],[c_0_7]), ['final']).
cnf(c_0_26, negated_conjecture, (l1_struct_0(esk1_0)), inference(split_conjunct,[status(thm)],[c_0_7]), ['final']).
# SZS output end Saturation
# Proof object total steps             : 27
# Proof object clause steps            : 16
# Proof object formula steps           : 11
# Proof object conjectures             : 15
# Proof object clause conjectures      : 12
# Proof object formula conjectures     : 3
# Proof object initial clauses used    : 13
# Proof object initial formulas used   : 5
# Proof object generating inferences   : 3
# Proof object simplifying inferences  : 2
# Parsed axioms                        : 5
# Removed by relevancy pruning/SinE    : 0
# Initial clauses                      : 13
# Removed in clause preprocessing      : 0
# Initial clauses in saturation        : 13
# Processed clauses                    : 30
# ...of these trivial                  : 1
# ...subsumed                          : 0
# ...remaining for further processing  : 29
# Other redundant clauses eliminated   : 0
# Clauses deleted for lack of memory   : 0
# Backward-subsumed                    : 0
# Backward-rewritten                   : 0
# Generated clauses                    : 4
# ...of the previous two non-trivial   : 4
# Contextual simplify-reflections      : 0
# Paramodulations                      : 4
# Factorizations                       : 0
# Equation resolutions                 : 0
# Propositional unsat checks           : 0
#    Propositional check models        : 0
#    Propositional check unsatisfiable : 0
#    Propositional clauses             : 0
#    Propositional clauses after purity: 0
#    Propositional unsat core size     : 0
#    Propositional preprocessing time  : 0.000
#    Propositional encoding time       : 0.000
#    Propositional solver time         : 0.000
#    Success case prop preproc time    : 0.000
#    Success case prop encoding time   : 0.000
#    Success case prop solver time     : 0.000
# Current number of processed clauses  : 16
#    Positive orientable unit clauses  : 11
#    Positive unorientable unit clauses: 0
#    Negative unit clauses             : 1
#    Non-unit-clauses                  : 4
# Current number of unprocessed clauses: 0
# ...number of literals in the above   : 0
# Current number of archived formulas  : 0
# Current number of archived clauses   : 13
# Clause-clause subsumption calls (NU) : 4
# Rec. Clause-clause subsumption calls : 2
# Non-unit clause-clause subsumptions  : 0
# Unit Clause-clause subsumption calls : 0
# Rewrite failures with RHS unbound    : 0
# BW rewrite match attempts            : 0
# BW rewrite match successes           : 0
# Condensation attempts                : 0
# Condensation successes               : 0
# Termbank termtop insertions          : 880

# -------------------------------------------------
# User time                : 0.022 s
# System time              : 0.002 s
# Total time               : 0.023 s
# Maximum resident set size: 3172 pages
