# No SInE strategy applied
# Trying AutoSched0 for 0 seconds
# AutoSched0-Mode selected heuristic G_E___302_C18_F1_URBAN_S5PRR_RG_S0Y
# and selection function SelectMaxLComplexAvoidPosPred.
#
# Preprocessing time       : 0.040 s

# Proof found!
# SZS status Theorem
# SZS output start CNFRefutation
fof(t68_tops_2, conjecture, ![X1]:(l1_struct_0(X1)=>![X2]:(l1_struct_0(X2)=>![X3]:((v1_funct_1(X3)&(v1_funct_2(X3,u1_struct_0(X1),u1_struct_0(X2))&m1_subset_1(X3,k1_zfmisc_1(k2_zfmisc_1(u1_struct_0(X1),u1_struct_0(X2))))))=>![X4]:(m1_subset_1(X4,k1_zfmisc_1(u1_struct_0(X2)))=>((k2_relset_1(u1_struct_0(X1),u1_struct_0(X2),X3)=k2_struct_0(X2)&v2_funct_1(X3))=>k8_relset_1(u1_struct_0(X1),u1_struct_0(X2),X3,X4)=k7_relset_1(u1_struct_0(X2),u1_struct_0(X1),k2_tops_2(u1_struct_0(X1),u1_struct_0(X2),X3),X4)))))), file('data/example/atpboost_data/proofs/7fee3b58ba294df49e5ee57d3373782b.p', t68_tops_2)).
fof(d4_tops_2, axiom, ![X1, X2, X3]:((v1_funct_1(X3)&(v1_funct_2(X3,X1,X2)&m1_subset_1(X3,k1_zfmisc_1(k2_zfmisc_1(X1,X2)))))=>((k2_relset_1(X1,X2,X3)=X2&v2_funct_1(X3))=>k2_tops_2(X1,X2,X3)=k2_funct_1(X3))), file('data/example/atpboost_data/proofs/7fee3b58ba294df49e5ee57d3373782b.p', d4_tops_2)).
fof(redefinition_k2_relset_1, axiom, ![X1, X2, X3]:(m1_subset_1(X3,k1_zfmisc_1(k2_zfmisc_1(X1,X2)))=>k2_relset_1(X1,X2,X3)=k2_relat_1(X3)), file('data/example/atpboost_data/proofs/7fee3b58ba294df49e5ee57d3373782b.p', redefinition_k2_relset_1)).
fof(d3_struct_0, axiom, ![X1]:(l1_struct_0(X1)=>k2_struct_0(X1)=u1_struct_0(X1)), file('data/example/atpboost_data/proofs/7fee3b58ba294df49e5ee57d3373782b.p', d3_struct_0)).
fof(redefinition_k7_relset_1, axiom, ![X1, X2, X3, X4]:(m1_subset_1(X3,k1_zfmisc_1(k2_zfmisc_1(X1,X2)))=>k7_relset_1(X1,X2,X3,X4)=k9_relat_1(X3,X4)), file('data/example/atpboost_data/proofs/7fee3b58ba294df49e5ee57d3373782b.p', redefinition_k7_relset_1)).
fof(redefinition_k8_relset_1, axiom, ![X1, X2, X3, X4]:(m1_subset_1(X3,k1_zfmisc_1(k2_zfmisc_1(X1,X2)))=>k8_relset_1(X1,X2,X3,X4)=k10_relat_1(X3,X4)), file('data/example/atpboost_data/proofs/7fee3b58ba294df49e5ee57d3373782b.p', redefinition_k8_relset_1)).
fof(t31_funct_2, axiom, ![X1, X2, X3]:((v1_funct_1(X3)&(v1_funct_2(X3,X1,X2)&m1_subset_1(X3,k1_zfmisc_1(k2_zfmisc_1(X1,X2)))))=>((v2_funct_1(X3)&k2_relset_1(X1,X2,X3)=X2)=>(v1_funct_1(k2_funct_1(X3))&(v1_funct_2(k2_funct_1(X3),X2,X1)&m1_subset_1(k2_funct_1(X3),k1_zfmisc_1(k2_zfmisc_1(X2,X1))))))), file('data/example/atpboost_data/proofs/7fee3b58ba294df49e5ee57d3373782b.p', t31_funct_2)).
fof(t154_funct_1, axiom, ![X1, X2]:((v1_relat_1(X2)&v1_funct_1(X2))=>(v2_funct_1(X2)=>k9_relat_1(X2,X1)=k10_relat_1(k2_funct_1(X2),X1))), file('data/example/atpboost_data/proofs/7fee3b58ba294df49e5ee57d3373782b.p', t154_funct_1)).
fof(t65_funct_1, axiom, ![X1]:((v1_relat_1(X1)&v1_funct_1(X1))=>(v2_funct_1(X1)=>k2_funct_1(k2_funct_1(X1))=X1)), file('data/example/atpboost_data/proofs/7fee3b58ba294df49e5ee57d3373782b.p', t65_funct_1)).
fof(dt_k2_funct_1, axiom, ![X1]:((v1_relat_1(X1)&v1_funct_1(X1))=>(v1_relat_1(k2_funct_1(X1))&v1_funct_1(k2_funct_1(X1)))), file('data/example/atpboost_data/proofs/7fee3b58ba294df49e5ee57d3373782b.p', dt_k2_funct_1)).
fof(fc6_funct_1, axiom, ![X1]:((v1_relat_1(X1)&(v1_funct_1(X1)&v2_funct_1(X1)))=>(v1_relat_1(k2_funct_1(X1))&(v1_funct_1(k2_funct_1(X1))&v2_funct_1(k2_funct_1(X1))))), file('data/example/atpboost_data/proofs/7fee3b58ba294df49e5ee57d3373782b.p', fc6_funct_1)).
fof(cc1_relset_1, axiom, ![X1, X2, X3]:(m1_subset_1(X3,k1_zfmisc_1(k2_zfmisc_1(X1,X2)))=>v1_relat_1(X3)), file('data/example/atpboost_data/proofs/7fee3b58ba294df49e5ee57d3373782b.p', cc1_relset_1)).
fof(c_0_12, negated_conjecture, ~(![X1]:(l1_struct_0(X1)=>![X2]:(l1_struct_0(X2)=>![X3]:((v1_funct_1(X3)&(v1_funct_2(X3,u1_struct_0(X1),u1_struct_0(X2))&m1_subset_1(X3,k1_zfmisc_1(k2_zfmisc_1(u1_struct_0(X1),u1_struct_0(X2))))))=>![X4]:(m1_subset_1(X4,k1_zfmisc_1(u1_struct_0(X2)))=>((k2_relset_1(u1_struct_0(X1),u1_struct_0(X2),X3)=k2_struct_0(X2)&v2_funct_1(X3))=>k8_relset_1(u1_struct_0(X1),u1_struct_0(X2),X3,X4)=k7_relset_1(u1_struct_0(X2),u1_struct_0(X1),k2_tops_2(u1_struct_0(X1),u1_struct_0(X2),X3),X4))))))), inference(assume_negation,[status(cth)],[t68_tops_2])).
fof(c_0_13, negated_conjecture, (l1_struct_0(esk1_0)&(l1_struct_0(esk2_0)&((v1_funct_1(esk3_0)&(v1_funct_2(esk3_0,u1_struct_0(esk1_0),u1_struct_0(esk2_0))&m1_subset_1(esk3_0,k1_zfmisc_1(k2_zfmisc_1(u1_struct_0(esk1_0),u1_struct_0(esk2_0))))))&(m1_subset_1(esk4_0,k1_zfmisc_1(u1_struct_0(esk2_0)))&((k2_relset_1(u1_struct_0(esk1_0),u1_struct_0(esk2_0),esk3_0)=k2_struct_0(esk2_0)&v2_funct_1(esk3_0))&k8_relset_1(u1_struct_0(esk1_0),u1_struct_0(esk2_0),esk3_0,esk4_0)!=k7_relset_1(u1_struct_0(esk2_0),u1_struct_0(esk1_0),k2_tops_2(u1_struct_0(esk1_0),u1_struct_0(esk2_0),esk3_0),esk4_0)))))), inference(skolemize,[status(esa)],[inference(variable_rename,[status(thm)],[inference(fof_nnf,[status(thm)],[c_0_12])])])).
fof(c_0_14, plain, ![X395, X396, X397]:(~v1_funct_1(X397)|(~v1_funct_2(X397,X395,X396)|~m1_subset_1(X397,k1_zfmisc_1(k2_zfmisc_1(X395,X396))))|(k2_relset_1(X395,X396,X397)!=X396|~v2_funct_1(X397)|k2_tops_2(X395,X396,X397)=k2_funct_1(X397))), inference(variable_rename,[status(thm)],[inference(fof_nnf,[status(thm)],[d4_tops_2])])).
fof(c_0_15, plain, ![X384, X385, X386]:(~m1_subset_1(X386,k1_zfmisc_1(k2_zfmisc_1(X384,X385)))|k2_relset_1(X384,X385,X386)=k2_relat_1(X386)), inference(variable_rename,[status(thm)],[inference(fof_nnf,[status(thm)],[redefinition_k2_relset_1])])).
cnf(c_0_16, negated_conjecture, (k8_relset_1(u1_struct_0(esk1_0),u1_struct_0(esk2_0),esk3_0,esk4_0)!=k7_relset_1(u1_struct_0(esk2_0),u1_struct_0(esk1_0),k2_tops_2(u1_struct_0(esk1_0),u1_struct_0(esk2_0),esk3_0),esk4_0)), inference(split_conjunct,[status(thm)],[c_0_13])).
cnf(c_0_17, plain, (k2_tops_2(X2,X3,X1)=k2_funct_1(X1)|~v1_funct_1(X1)|~v1_funct_2(X1,X2,X3)|~m1_subset_1(X1,k1_zfmisc_1(k2_zfmisc_1(X2,X3)))|k2_relset_1(X2,X3,X1)!=X3|~v2_funct_1(X1)), inference(split_conjunct,[status(thm)],[c_0_14])).
cnf(c_0_18, negated_conjecture, (k2_relset_1(u1_struct_0(esk1_0),u1_struct_0(esk2_0),esk3_0)=k2_struct_0(esk2_0)), inference(split_conjunct,[status(thm)],[c_0_13])).
cnf(c_0_19, negated_conjecture, (v2_funct_1(esk3_0)), inference(split_conjunct,[status(thm)],[c_0_13])).
cnf(c_0_20, negated_conjecture, (m1_subset_1(esk3_0,k1_zfmisc_1(k2_zfmisc_1(u1_struct_0(esk1_0),u1_struct_0(esk2_0))))), inference(split_conjunct,[status(thm)],[c_0_13])).
cnf(c_0_21, negated_conjecture, (v1_funct_2(esk3_0,u1_struct_0(esk1_0),u1_struct_0(esk2_0))), inference(split_conjunct,[status(thm)],[c_0_13])).
cnf(c_0_22, negated_conjecture, (v1_funct_1(esk3_0)), inference(split_conjunct,[status(thm)],[c_0_13])).
cnf(c_0_23, plain, (k2_relset_1(X2,X3,X1)=k2_relat_1(X1)|~m1_subset_1(X1,k1_zfmisc_1(k2_zfmisc_1(X2,X3)))), inference(split_conjunct,[status(thm)],[c_0_15])).
fof(c_0_24, plain, ![X372]:(~l1_struct_0(X372)|k2_struct_0(X372)=u1_struct_0(X372)), inference(variable_rename,[status(thm)],[inference(fof_nnf,[status(thm)],[d3_struct_0])])).
cnf(c_0_25, negated_conjecture, (k7_relset_1(u1_struct_0(esk2_0),u1_struct_0(esk1_0),k2_funct_1(esk3_0),esk4_0)!=k8_relset_1(u1_struct_0(esk1_0),u1_struct_0(esk2_0),esk3_0,esk4_0)|k2_struct_0(esk2_0)!=u1_struct_0(esk2_0)), inference(cn,[status(thm)],[inference(rw,[status(thm)],[inference(rw,[status(thm)],[inference(rw,[status(thm)],[inference(rw,[status(thm)],[inference(rw,[status(thm)],[inference(spm,[status(thm)],[c_0_16, c_0_17]), c_0_18]), c_0_19]), c_0_20]), c_0_21]), c_0_22])])).
cnf(c_0_26, negated_conjecture, (k2_struct_0(esk2_0)=k2_relat_1(esk3_0)), inference(cn,[status(thm)],[inference(rw,[status(thm)],[inference(spm,[status(thm)],[c_0_18, c_0_23]), c_0_20])])).
cnf(c_0_27, plain, (k2_struct_0(X1)=u1_struct_0(X1)|~l1_struct_0(X1)), inference(split_conjunct,[status(thm)],[c_0_24])).
cnf(c_0_28, negated_conjecture, (l1_struct_0(esk2_0)), inference(split_conjunct,[status(thm)],[c_0_13])).
cnf(c_0_29, negated_conjecture, (k7_relset_1(u1_struct_0(esk2_0),u1_struct_0(esk1_0),k2_funct_1(esk3_0),esk4_0)!=k8_relset_1(u1_struct_0(esk1_0),u1_struct_0(esk2_0),esk3_0,esk4_0)|k2_relat_1(esk3_0)!=u1_struct_0(esk2_0)), inference(rw,[status(thm)],[c_0_25, c_0_26])).
cnf(c_0_30, negated_conjecture, (k2_relat_1(esk3_0)=u1_struct_0(esk2_0)), inference(cn,[status(thm)],[inference(rw,[status(thm)],[inference(spm,[status(thm)],[c_0_27, c_0_26]), c_0_28])])).
fof(c_0_31, plain, ![X193, X194, X195, X196]:(~m1_subset_1(X195,k1_zfmisc_1(k2_zfmisc_1(X193,X194)))|k7_relset_1(X193,X194,X195,X196)=k9_relat_1(X195,X196)), inference(variable_rename,[status(thm)],[inference(fof_nnf,[status(thm)],[redefinition_k7_relset_1])])).
cnf(c_0_32, negated_conjecture, (k7_relset_1(u1_struct_0(esk2_0),u1_struct_0(esk1_0),k2_funct_1(esk3_0),esk4_0)!=k8_relset_1(u1_struct_0(esk1_0),u1_struct_0(esk2_0),esk3_0,esk4_0)), inference(cn,[status(thm)],[inference(rw,[status(thm)],[c_0_29, c_0_30])])).
cnf(c_0_33, plain, (k7_relset_1(X2,X3,X1,X4)=k9_relat_1(X1,X4)|~m1_subset_1(X1,k1_zfmisc_1(k2_zfmisc_1(X2,X3)))), inference(split_conjunct,[status(thm)],[c_0_31])).
fof(c_0_34, plain, ![X103, X104, X105, X106]:(~m1_subset_1(X105,k1_zfmisc_1(k2_zfmisc_1(X103,X104)))|k8_relset_1(X103,X104,X105,X106)=k10_relat_1(X105,X106)), inference(variable_rename,[status(thm)],[inference(fof_nnf,[status(thm)],[redefinition_k8_relset_1])])).
cnf(c_0_35, negated_conjecture, (k8_relset_1(u1_struct_0(esk1_0),u1_struct_0(esk2_0),esk3_0,esk4_0)!=k9_relat_1(k2_funct_1(esk3_0),esk4_0)|~m1_subset_1(k2_funct_1(esk3_0),k1_zfmisc_1(k2_zfmisc_1(u1_struct_0(esk2_0),u1_struct_0(esk1_0))))), inference(spm,[status(thm)],[c_0_32, c_0_33])).
cnf(c_0_36, plain, (k8_relset_1(X2,X3,X1,X4)=k10_relat_1(X1,X4)|~m1_subset_1(X1,k1_zfmisc_1(k2_zfmisc_1(X2,X3)))), inference(split_conjunct,[status(thm)],[c_0_34])).
fof(c_0_37, plain, ![X150, X151, X152]:((v1_funct_1(k2_funct_1(X152))|(~v2_funct_1(X152)|k2_relset_1(X150,X151,X152)!=X151)|(~v1_funct_1(X152)|(~v1_funct_2(X152,X150,X151)|~m1_subset_1(X152,k1_zfmisc_1(k2_zfmisc_1(X150,X151))))))&((v1_funct_2(k2_funct_1(X152),X151,X150)|(~v2_funct_1(X152)|k2_relset_1(X150,X151,X152)!=X151)|(~v1_funct_1(X152)|(~v1_funct_2(X152,X150,X151)|~m1_subset_1(X152,k1_zfmisc_1(k2_zfmisc_1(X150,X151))))))&(m1_subset_1(k2_funct_1(X152),k1_zfmisc_1(k2_zfmisc_1(X151,X150)))|(~v2_funct_1(X152)|k2_relset_1(X150,X151,X152)!=X151)|(~v1_funct_1(X152)|(~v1_funct_2(X152,X150,X151)|~m1_subset_1(X152,k1_zfmisc_1(k2_zfmisc_1(X150,X151)))))))), inference(distribute,[status(thm)],[inference(variable_rename,[status(thm)],[inference(fof_nnf,[status(thm)],[t31_funct_2])])])).
fof(c_0_38, plain, ![X138, X139]:(~v1_relat_1(X139)|~v1_funct_1(X139)|(~v2_funct_1(X139)|k9_relat_1(X139,X138)=k10_relat_1(k2_funct_1(X139),X138))), inference(variable_rename,[status(thm)],[inference(fof_nnf,[status(thm)],[t154_funct_1])])).
fof(c_0_39, plain, ![X415]:(~v1_relat_1(X415)|~v1_funct_1(X415)|(~v2_funct_1(X415)|k2_funct_1(k2_funct_1(X415))=X415)), inference(variable_rename,[status(thm)],[inference(fof_nnf,[status(thm)],[t65_funct_1])])).
fof(c_0_40, plain, ![X269]:((v1_relat_1(k2_funct_1(X269))|(~v1_relat_1(X269)|~v1_funct_1(X269)))&(v1_funct_1(k2_funct_1(X269))|(~v1_relat_1(X269)|~v1_funct_1(X269)))), inference(distribute,[status(thm)],[inference(variable_rename,[status(thm)],[inference(fof_nnf,[status(thm)],[dt_k2_funct_1])])])).
fof(c_0_41, plain, ![X63]:((v1_relat_1(k2_funct_1(X63))|(~v1_relat_1(X63)|(~v1_funct_1(X63)|~v2_funct_1(X63))))&((v1_funct_1(k2_funct_1(X63))|(~v1_relat_1(X63)|(~v1_funct_1(X63)|~v2_funct_1(X63))))&(v2_funct_1(k2_funct_1(X63))|(~v1_relat_1(X63)|(~v1_funct_1(X63)|~v2_funct_1(X63)))))), inference(distribute,[status(thm)],[inference(variable_rename,[status(thm)],[inference(fof_nnf,[status(thm)],[fc6_funct_1])])])).
fof(c_0_42, plain, ![X60, X61, X62]:(~m1_subset_1(X62,k1_zfmisc_1(k2_zfmisc_1(X60,X61)))|v1_relat_1(X62)), inference(variable_rename,[status(thm)],[inference(fof_nnf,[status(thm)],[cc1_relset_1])])).
cnf(c_0_43, negated_conjecture, (k9_relat_1(k2_funct_1(esk3_0),esk4_0)!=k10_relat_1(esk3_0,esk4_0)|~m1_subset_1(k2_funct_1(esk3_0),k1_zfmisc_1(k2_zfmisc_1(u1_struct_0(esk2_0),u1_struct_0(esk1_0))))), inference(cn,[status(thm)],[inference(rw,[status(thm)],[inference(spm,[status(thm)],[c_0_35, c_0_36]), c_0_20])])).
cnf(c_0_44, plain, (m1_subset_1(k2_funct_1(X1),k1_zfmisc_1(k2_zfmisc_1(X2,X3)))|~v2_funct_1(X1)|k2_relset_1(X3,X2,X1)!=X2|~v1_funct_1(X1)|~v1_funct_2(X1,X3,X2)|~m1_subset_1(X1,k1_zfmisc_1(k2_zfmisc_1(X3,X2)))), inference(split_conjunct,[status(thm)],[c_0_37])).
cnf(c_0_45, plain, (k9_relat_1(X1,X2)=k10_relat_1(k2_funct_1(X1),X2)|~v1_relat_1(X1)|~v1_funct_1(X1)|~v2_funct_1(X1)), inference(split_conjunct,[status(thm)],[c_0_38])).
cnf(c_0_46, plain, (k2_funct_1(k2_funct_1(X1))=X1|~v1_relat_1(X1)|~v1_funct_1(X1)|~v2_funct_1(X1)), inference(split_conjunct,[status(thm)],[c_0_39])).
cnf(c_0_47, plain, (v1_funct_1(k2_funct_1(X1))|~v1_relat_1(X1)|~v1_funct_1(X1)), inference(split_conjunct,[status(thm)],[c_0_40])).
cnf(c_0_48, plain, (v2_funct_1(k2_funct_1(X1))|~v1_relat_1(X1)|~v1_funct_1(X1)|~v2_funct_1(X1)), inference(split_conjunct,[status(thm)],[c_0_41])).
cnf(c_0_49, plain, (v1_relat_1(k2_funct_1(X1))|~v1_relat_1(X1)|~v1_funct_1(X1)), inference(split_conjunct,[status(thm)],[c_0_40])).
cnf(c_0_50, plain, (v1_relat_1(X1)|~m1_subset_1(X1,k1_zfmisc_1(k2_zfmisc_1(X2,X3)))), inference(split_conjunct,[status(thm)],[c_0_42])).
cnf(c_0_51, negated_conjecture, (k9_relat_1(k2_funct_1(esk3_0),esk4_0)!=k10_relat_1(esk3_0,esk4_0)), inference(cn,[status(thm)],[inference(rw,[status(thm)],[inference(rw,[status(thm)],[inference(rw,[status(thm)],[inference(rw,[status(thm)],[inference(rw,[status(thm)],[inference(rw,[status(thm)],[inference(rw,[status(thm)],[inference(spm,[status(thm)],[c_0_43, c_0_44]), c_0_18]), c_0_26]), c_0_30]), c_0_19]), c_0_20]), c_0_21]), c_0_22])])).
cnf(c_0_52, plain, (k9_relat_1(k2_funct_1(X1),X2)=k10_relat_1(X1,X2)|~v1_relat_1(X1)|~v2_funct_1(X1)|~v1_funct_1(X1)), inference(csr,[status(thm)],[inference(csr,[status(thm)],[inference(csr,[status(thm)],[inference(spm,[status(thm)],[c_0_45, c_0_46]), c_0_47]), c_0_48]), c_0_49])).
cnf(c_0_53, negated_conjecture, (v1_relat_1(esk3_0)), inference(spm,[status(thm)],[c_0_50, c_0_20])).
cnf(c_0_54, negated_conjecture, ($false), inference(cn,[status(thm)],[inference(rw,[status(thm)],[inference(rw,[status(thm)],[inference(rw,[status(thm)],[inference(spm,[status(thm)],[c_0_51, c_0_52]), c_0_53]), c_0_19]), c_0_22])]), ['proof']).
# SZS output end CNFRefutation
# Proof object total steps             : 55
# Proof object clause steps            : 30
# Proof object formula steps           : 25
# Proof object conjectures             : 20
# Proof object clause conjectures      : 17
# Proof object formula conjectures     : 3
# Proof object initial clauses used    : 19
# Proof object initial formulas used   : 12
# Proof object generating inferences   : 9
# Proof object simplifying inferences  : 30
# Training examples: 0 positive, 0 negative
# Parsed axioms                        : 146
# Removed by relevancy pruning/SinE    : 0
# Initial clauses                      : 284
# Removed in clause preprocessing      : 9
# Initial clauses in saturation        : 275
# Processed clauses                    : 1536
# ...of these trivial                  : 19
# ...subsumed                          : 547
# ...remaining for further processing  : 970
# Other redundant clauses eliminated   : 30
# Clauses deleted for lack of memory   : 0
# Backward-subsumed                    : 45
# Backward-rewritten                   : 7
# Generated clauses                    : 10222
# ...of the previous two non-trivial   : 9584
# Contextual simplify-reflections      : 41
# Paramodulations                      : 10164
# Factorizations                       : 0
# Equation resolutions                 : 57
# Propositional unsat checks           : 0
#    Propositional check models        : 0
#    Propositional check unsatisfiable : 0
#    Propositional clauses             : 0
#    Propositional clauses after purity: 0
#    Propositional unsat core size     : 0
#    Propositional preprocessing time  : 0.000
#    Propositional encoding time       : 0.000
#    Propositional solver time         : 0.000
#    Success case prop preproc time    : 0.000
#    Success case prop encoding time   : 0.000
#    Success case prop solver time     : 0.000
# Current number of processed clauses  : 912
#    Positive orientable unit clauses  : 59
#    Positive unorientable unit clauses: 0
#    Negative unit clauses             : 12
#    Non-unit-clauses                  : 841
# Current number of unprocessed clauses: 8247
# ...number of literals in the above   : 35119
# Current number of archived formulas  : 0
# Current number of archived clauses   : 54
# Clause-clause subsumption calls (NU) : 79727
# Rec. Clause-clause subsumption calls : 32904
# Non-unit clause-clause subsumptions  : 526
# Unit Clause-clause subsumption calls : 2724
# Rewrite failures with RHS unbound    : 0
# BW rewrite match attempts            : 83
# BW rewrite match successes           : 3
# Condensation attempts                : 0
# Condensation successes               : 0
# Termbank termtop insertions          : 162467

# -------------------------------------------------
# User time                : 0.343 s
# System time              : 0.004 s
# Total time               : 0.347 s
# Maximum resident set size: 3156 pages
