# No SInE strategy applied
# Trying AutoSched0 for 0 seconds
# AutoSched0-Mode selected heuristic G_E___302_C18_F1_URBAN_S5PRR_RG_S0Y
# and selection function SelectMaxLComplexAvoidPosPred.
#
# Preprocessing time       : 0.037 s

# Proof found!
# SZS status Theorem
# SZS output start CNFRefutation
fof(t68_tops_2, conjecture, ![X1]:(l1_struct_0(X1)=>![X2]:(l1_struct_0(X2)=>![X3]:((v1_funct_1(X3)&(v1_funct_2(X3,u1_struct_0(X1),u1_struct_0(X2))&m1_subset_1(X3,k1_zfmisc_1(k2_zfmisc_1(u1_struct_0(X1),u1_struct_0(X2))))))=>![X4]:(m1_subset_1(X4,k1_zfmisc_1(u1_struct_0(X2)))=>((k2_relset_1(u1_struct_0(X1),u1_struct_0(X2),X3)=k2_struct_0(X2)&v2_funct_1(X3))=>k8_relset_1(u1_struct_0(X1),u1_struct_0(X2),X3,X4)=k7_relset_1(u1_struct_0(X2),u1_struct_0(X1),k2_tops_2(u1_struct_0(X1),u1_struct_0(X2),X3),X4)))))), file('data/example/atpboost_data/proofs/92181365319b44eb88334902af7f2d9f.p', t68_tops_2)).
fof(d4_tops_2, axiom, ![X1, X2, X3]:((v1_funct_1(X3)&(v1_funct_2(X3,X1,X2)&m1_subset_1(X3,k1_zfmisc_1(k2_zfmisc_1(X1,X2)))))=>((k2_relset_1(X1,X2,X3)=X2&v2_funct_1(X3))=>k2_tops_2(X1,X2,X3)=k2_funct_1(X3))), file('data/example/atpboost_data/proofs/92181365319b44eb88334902af7f2d9f.p', d4_tops_2)).
fof(redefinition_k2_relset_1, axiom, ![X1, X2, X3]:(m1_subset_1(X3,k1_zfmisc_1(k2_zfmisc_1(X1,X2)))=>k2_relset_1(X1,X2,X3)=k2_relat_1(X3)), file('data/example/atpboost_data/proofs/92181365319b44eb88334902af7f2d9f.p', redefinition_k2_relset_1)).
fof(d3_struct_0, axiom, ![X1]:(l1_struct_0(X1)=>k2_struct_0(X1)=u1_struct_0(X1)), file('data/example/atpboost_data/proofs/92181365319b44eb88334902af7f2d9f.p', d3_struct_0)).
fof(redefinition_k7_relset_1, axiom, ![X1, X2, X3, X4]:(m1_subset_1(X3,k1_zfmisc_1(k2_zfmisc_1(X1,X2)))=>k7_relset_1(X1,X2,X3,X4)=k9_relat_1(X3,X4)), file('data/example/atpboost_data/proofs/92181365319b44eb88334902af7f2d9f.p', redefinition_k7_relset_1)).
fof(redefinition_k8_relset_1, axiom, ![X1, X2, X3, X4]:(m1_subset_1(X3,k1_zfmisc_1(k2_zfmisc_1(X1,X2)))=>k8_relset_1(X1,X2,X3,X4)=k10_relat_1(X3,X4)), file('data/example/atpboost_data/proofs/92181365319b44eb88334902af7f2d9f.p', redefinition_k8_relset_1)).
fof(t31_funct_2, axiom, ![X1, X2, X3]:((v1_funct_1(X3)&(v1_funct_2(X3,X1,X2)&m1_subset_1(X3,k1_zfmisc_1(k2_zfmisc_1(X1,X2)))))=>((v2_funct_1(X3)&k2_relset_1(X1,X2,X3)=X2)=>(v1_funct_1(k2_funct_1(X3))&(v1_funct_2(k2_funct_1(X3),X2,X1)&m1_subset_1(k2_funct_1(X3),k1_zfmisc_1(k2_zfmisc_1(X2,X1))))))), file('data/example/atpboost_data/proofs/92181365319b44eb88334902af7f2d9f.p', t31_funct_2)).
fof(t154_funct_1, axiom, ![X1, X2]:((v1_relat_1(X2)&v1_funct_1(X2))=>(v2_funct_1(X2)=>k9_relat_1(X2,X1)=k10_relat_1(k2_funct_1(X2),X1))), file('data/example/atpboost_data/proofs/92181365319b44eb88334902af7f2d9f.p', t154_funct_1)).
fof(t65_funct_1, axiom, ![X1]:((v1_relat_1(X1)&v1_funct_1(X1))=>(v2_funct_1(X1)=>k2_funct_1(k2_funct_1(X1))=X1)), file('data/example/atpboost_data/proofs/92181365319b44eb88334902af7f2d9f.p', t65_funct_1)).
fof(dt_k2_funct_1, axiom, ![X1]:((v1_relat_1(X1)&v1_funct_1(X1))=>(v1_relat_1(k2_funct_1(X1))&v1_funct_1(k2_funct_1(X1)))), file('data/example/atpboost_data/proofs/92181365319b44eb88334902af7f2d9f.p', dt_k2_funct_1)).
fof(t62_funct_1, axiom, ![X1]:((v1_relat_1(X1)&v1_funct_1(X1))=>(v2_funct_1(X1)=>v2_funct_1(k2_funct_1(X1)))), file('data/example/atpboost_data/proofs/92181365319b44eb88334902af7f2d9f.p', t62_funct_1)).
fof(cc2_relat_1, axiom, ![X1]:(v1_relat_1(X1)=>![X2]:(m1_subset_1(X2,k1_zfmisc_1(X1))=>v1_relat_1(X2))), file('data/example/atpboost_data/proofs/92181365319b44eb88334902af7f2d9f.p', cc2_relat_1)).
fof(fc6_relat_1, axiom, ![X1, X2]:v1_relat_1(k2_zfmisc_1(X1,X2)), file('data/example/atpboost_data/proofs/92181365319b44eb88334902af7f2d9f.p', fc6_relat_1)).
fof(c_0_13, negated_conjecture, ~(![X1]:(l1_struct_0(X1)=>![X2]:(l1_struct_0(X2)=>![X3]:((v1_funct_1(X3)&(v1_funct_2(X3,u1_struct_0(X1),u1_struct_0(X2))&m1_subset_1(X3,k1_zfmisc_1(k2_zfmisc_1(u1_struct_0(X1),u1_struct_0(X2))))))=>![X4]:(m1_subset_1(X4,k1_zfmisc_1(u1_struct_0(X2)))=>((k2_relset_1(u1_struct_0(X1),u1_struct_0(X2),X3)=k2_struct_0(X2)&v2_funct_1(X3))=>k8_relset_1(u1_struct_0(X1),u1_struct_0(X2),X3,X4)=k7_relset_1(u1_struct_0(X2),u1_struct_0(X1),k2_tops_2(u1_struct_0(X1),u1_struct_0(X2),X3),X4))))))), inference(assume_negation,[status(cth)],[t68_tops_2])).
fof(c_0_14, negated_conjecture, (l1_struct_0(esk1_0)&(l1_struct_0(esk2_0)&((v1_funct_1(esk3_0)&(v1_funct_2(esk3_0,u1_struct_0(esk1_0),u1_struct_0(esk2_0))&m1_subset_1(esk3_0,k1_zfmisc_1(k2_zfmisc_1(u1_struct_0(esk1_0),u1_struct_0(esk2_0))))))&(m1_subset_1(esk4_0,k1_zfmisc_1(u1_struct_0(esk2_0)))&((k2_relset_1(u1_struct_0(esk1_0),u1_struct_0(esk2_0),esk3_0)=k2_struct_0(esk2_0)&v2_funct_1(esk3_0))&k8_relset_1(u1_struct_0(esk1_0),u1_struct_0(esk2_0),esk3_0,esk4_0)!=k7_relset_1(u1_struct_0(esk2_0),u1_struct_0(esk1_0),k2_tops_2(u1_struct_0(esk1_0),u1_struct_0(esk2_0),esk3_0),esk4_0)))))), inference(skolemize,[status(esa)],[inference(variable_rename,[status(thm)],[inference(fof_nnf,[status(thm)],[c_0_13])])])).
fof(c_0_15, plain, ![X297, X298, X299]:(~v1_funct_1(X299)|(~v1_funct_2(X299,X297,X298)|~m1_subset_1(X299,k1_zfmisc_1(k2_zfmisc_1(X297,X298))))|(k2_relset_1(X297,X298,X299)!=X298|~v2_funct_1(X299)|k2_tops_2(X297,X298,X299)=k2_funct_1(X299))), inference(variable_rename,[status(thm)],[inference(fof_nnf,[status(thm)],[d4_tops_2])])).
fof(c_0_16, plain, ![X99, X100, X101]:(~m1_subset_1(X101,k1_zfmisc_1(k2_zfmisc_1(X99,X100)))|k2_relset_1(X99,X100,X101)=k2_relat_1(X101)), inference(variable_rename,[status(thm)],[inference(fof_nnf,[status(thm)],[redefinition_k2_relset_1])])).
cnf(c_0_17, negated_conjecture, (k8_relset_1(u1_struct_0(esk1_0),u1_struct_0(esk2_0),esk3_0,esk4_0)!=k7_relset_1(u1_struct_0(esk2_0),u1_struct_0(esk1_0),k2_tops_2(u1_struct_0(esk1_0),u1_struct_0(esk2_0),esk3_0),esk4_0)), inference(split_conjunct,[status(thm)],[c_0_14])).
cnf(c_0_18, plain, (k2_tops_2(X2,X3,X1)=k2_funct_1(X1)|~v1_funct_1(X1)|~v1_funct_2(X1,X2,X3)|~m1_subset_1(X1,k1_zfmisc_1(k2_zfmisc_1(X2,X3)))|k2_relset_1(X2,X3,X1)!=X3|~v2_funct_1(X1)), inference(split_conjunct,[status(thm)],[c_0_15])).
cnf(c_0_19, negated_conjecture, (k2_relset_1(u1_struct_0(esk1_0),u1_struct_0(esk2_0),esk3_0)=k2_struct_0(esk2_0)), inference(split_conjunct,[status(thm)],[c_0_14])).
cnf(c_0_20, negated_conjecture, (v2_funct_1(esk3_0)), inference(split_conjunct,[status(thm)],[c_0_14])).
cnf(c_0_21, negated_conjecture, (m1_subset_1(esk3_0,k1_zfmisc_1(k2_zfmisc_1(u1_struct_0(esk1_0),u1_struct_0(esk2_0))))), inference(split_conjunct,[status(thm)],[c_0_14])).
cnf(c_0_22, negated_conjecture, (v1_funct_2(esk3_0,u1_struct_0(esk1_0),u1_struct_0(esk2_0))), inference(split_conjunct,[status(thm)],[c_0_14])).
cnf(c_0_23, negated_conjecture, (v1_funct_1(esk3_0)), inference(split_conjunct,[status(thm)],[c_0_14])).
cnf(c_0_24, plain, (k2_relset_1(X2,X3,X1)=k2_relat_1(X1)|~m1_subset_1(X1,k1_zfmisc_1(k2_zfmisc_1(X2,X3)))), inference(split_conjunct,[status(thm)],[c_0_16])).
fof(c_0_25, plain, ![X235]:(~l1_struct_0(X235)|k2_struct_0(X235)=u1_struct_0(X235)), inference(variable_rename,[status(thm)],[inference(fof_nnf,[status(thm)],[d3_struct_0])])).
cnf(c_0_26, negated_conjecture, (k7_relset_1(u1_struct_0(esk2_0),u1_struct_0(esk1_0),k2_funct_1(esk3_0),esk4_0)!=k8_relset_1(u1_struct_0(esk1_0),u1_struct_0(esk2_0),esk3_0,esk4_0)|k2_struct_0(esk2_0)!=u1_struct_0(esk2_0)), inference(cn,[status(thm)],[inference(rw,[status(thm)],[inference(rw,[status(thm)],[inference(rw,[status(thm)],[inference(rw,[status(thm)],[inference(rw,[status(thm)],[inference(spm,[status(thm)],[c_0_17, c_0_18]), c_0_19]), c_0_20]), c_0_21]), c_0_22]), c_0_23])])).
cnf(c_0_27, negated_conjecture, (k2_struct_0(esk2_0)=k2_relat_1(esk3_0)), inference(cn,[status(thm)],[inference(rw,[status(thm)],[inference(spm,[status(thm)],[c_0_19, c_0_24]), c_0_21])])).
cnf(c_0_28, plain, (k2_struct_0(X1)=u1_struct_0(X1)|~l1_struct_0(X1)), inference(split_conjunct,[status(thm)],[c_0_25])).
cnf(c_0_29, negated_conjecture, (l1_struct_0(esk2_0)), inference(split_conjunct,[status(thm)],[c_0_14])).
cnf(c_0_30, negated_conjecture, (k7_relset_1(u1_struct_0(esk2_0),u1_struct_0(esk1_0),k2_funct_1(esk3_0),esk4_0)!=k8_relset_1(u1_struct_0(esk1_0),u1_struct_0(esk2_0),esk3_0,esk4_0)|k2_relat_1(esk3_0)!=u1_struct_0(esk2_0)), inference(rw,[status(thm)],[c_0_26, c_0_27])).
cnf(c_0_31, negated_conjecture, (k2_relat_1(esk3_0)=u1_struct_0(esk2_0)), inference(cn,[status(thm)],[inference(rw,[status(thm)],[inference(spm,[status(thm)],[c_0_28, c_0_27]), c_0_29])])).
fof(c_0_32, plain, ![X75, X76, X77, X78]:(~m1_subset_1(X77,k1_zfmisc_1(k2_zfmisc_1(X75,X76)))|k7_relset_1(X75,X76,X77,X78)=k9_relat_1(X77,X78)), inference(variable_rename,[status(thm)],[inference(fof_nnf,[status(thm)],[redefinition_k7_relset_1])])).
cnf(c_0_33, negated_conjecture, (k7_relset_1(u1_struct_0(esk2_0),u1_struct_0(esk1_0),k2_funct_1(esk3_0),esk4_0)!=k8_relset_1(u1_struct_0(esk1_0),u1_struct_0(esk2_0),esk3_0,esk4_0)), inference(cn,[status(thm)],[inference(rw,[status(thm)],[c_0_30, c_0_31])])).
cnf(c_0_34, plain, (k7_relset_1(X2,X3,X1,X4)=k9_relat_1(X1,X4)|~m1_subset_1(X1,k1_zfmisc_1(k2_zfmisc_1(X2,X3)))), inference(split_conjunct,[status(thm)],[c_0_32])).
fof(c_0_35, plain, ![X19, X20, X21, X22]:(~m1_subset_1(X21,k1_zfmisc_1(k2_zfmisc_1(X19,X20)))|k8_relset_1(X19,X20,X21,X22)=k10_relat_1(X21,X22)), inference(variable_rename,[status(thm)],[inference(fof_nnf,[status(thm)],[redefinition_k8_relset_1])])).
cnf(c_0_36, negated_conjecture, (k8_relset_1(u1_struct_0(esk1_0),u1_struct_0(esk2_0),esk3_0,esk4_0)!=k9_relat_1(k2_funct_1(esk3_0),esk4_0)|~m1_subset_1(k2_funct_1(esk3_0),k1_zfmisc_1(k2_zfmisc_1(u1_struct_0(esk2_0),u1_struct_0(esk1_0))))), inference(spm,[status(thm)],[c_0_33, c_0_34])).
cnf(c_0_37, plain, (k8_relset_1(X2,X3,X1,X4)=k10_relat_1(X1,X4)|~m1_subset_1(X1,k1_zfmisc_1(k2_zfmisc_1(X2,X3)))), inference(split_conjunct,[status(thm)],[c_0_35])).
fof(c_0_38, plain, ![X328, X329, X330]:((v1_funct_1(k2_funct_1(X330))|(~v2_funct_1(X330)|k2_relset_1(X328,X329,X330)!=X329)|(~v1_funct_1(X330)|(~v1_funct_2(X330,X328,X329)|~m1_subset_1(X330,k1_zfmisc_1(k2_zfmisc_1(X328,X329))))))&((v1_funct_2(k2_funct_1(X330),X329,X328)|(~v2_funct_1(X330)|k2_relset_1(X328,X329,X330)!=X329)|(~v1_funct_1(X330)|(~v1_funct_2(X330,X328,X329)|~m1_subset_1(X330,k1_zfmisc_1(k2_zfmisc_1(X328,X329))))))&(m1_subset_1(k2_funct_1(X330),k1_zfmisc_1(k2_zfmisc_1(X329,X328)))|(~v2_funct_1(X330)|k2_relset_1(X328,X329,X330)!=X329)|(~v1_funct_1(X330)|(~v1_funct_2(X330,X328,X329)|~m1_subset_1(X330,k1_zfmisc_1(k2_zfmisc_1(X328,X329)))))))), inference(distribute,[status(thm)],[inference(variable_rename,[status(thm)],[inference(fof_nnf,[status(thm)],[t31_funct_2])])])).
fof(c_0_39, plain, ![X129, X130]:(~v1_relat_1(X130)|~v1_funct_1(X130)|(~v2_funct_1(X130)|k9_relat_1(X130,X129)=k10_relat_1(k2_funct_1(X130),X129))), inference(variable_rename,[status(thm)],[inference(fof_nnf,[status(thm)],[t154_funct_1])])).
fof(c_0_40, plain, ![X185]:(~v1_relat_1(X185)|~v1_funct_1(X185)|(~v2_funct_1(X185)|k2_funct_1(k2_funct_1(X185))=X185)), inference(variable_rename,[status(thm)],[inference(fof_nnf,[status(thm)],[t65_funct_1])])).
fof(c_0_41, plain, ![X79]:((v1_relat_1(k2_funct_1(X79))|(~v1_relat_1(X79)|~v1_funct_1(X79)))&(v1_funct_1(k2_funct_1(X79))|(~v1_relat_1(X79)|~v1_funct_1(X79)))), inference(distribute,[status(thm)],[inference(variable_rename,[status(thm)],[inference(fof_nnf,[status(thm)],[dt_k2_funct_1])])])).
fof(c_0_42, plain, ![X15]:(~v1_relat_1(X15)|~v1_funct_1(X15)|(~v2_funct_1(X15)|v2_funct_1(k2_funct_1(X15)))), inference(variable_rename,[status(thm)],[inference(fof_nnf,[status(thm)],[t62_funct_1])])).
fof(c_0_43, plain, ![X62, X63]:(~v1_relat_1(X62)|(~m1_subset_1(X63,k1_zfmisc_1(X62))|v1_relat_1(X63))), inference(shift_quantors,[status(thm)],[inference(variable_rename,[status(thm)],[inference(fof_nnf,[status(thm)],[cc2_relat_1])])])).
fof(c_0_44, plain, ![X334, X335]:v1_relat_1(k2_zfmisc_1(X334,X335)), inference(variable_rename,[status(thm)],[fc6_relat_1])).
cnf(c_0_45, negated_conjecture, (k9_relat_1(k2_funct_1(esk3_0),esk4_0)!=k10_relat_1(esk3_0,esk4_0)|~m1_subset_1(k2_funct_1(esk3_0),k1_zfmisc_1(k2_zfmisc_1(u1_struct_0(esk2_0),u1_struct_0(esk1_0))))), inference(cn,[status(thm)],[inference(rw,[status(thm)],[inference(spm,[status(thm)],[c_0_36, c_0_37]), c_0_21])])).
cnf(c_0_46, plain, (m1_subset_1(k2_funct_1(X1),k1_zfmisc_1(k2_zfmisc_1(X2,X3)))|~v2_funct_1(X1)|k2_relset_1(X3,X2,X1)!=X2|~v1_funct_1(X1)|~v1_funct_2(X1,X3,X2)|~m1_subset_1(X1,k1_zfmisc_1(k2_zfmisc_1(X3,X2)))), inference(split_conjunct,[status(thm)],[c_0_38])).
cnf(c_0_47, plain, (k9_relat_1(X1,X2)=k10_relat_1(k2_funct_1(X1),X2)|~v1_relat_1(X1)|~v1_funct_1(X1)|~v2_funct_1(X1)), inference(split_conjunct,[status(thm)],[c_0_39])).
cnf(c_0_48, plain, (k2_funct_1(k2_funct_1(X1))=X1|~v1_relat_1(X1)|~v1_funct_1(X1)|~v2_funct_1(X1)), inference(split_conjunct,[status(thm)],[c_0_40])).
cnf(c_0_49, plain, (v1_funct_1(k2_funct_1(X1))|~v1_relat_1(X1)|~v1_funct_1(X1)), inference(split_conjunct,[status(thm)],[c_0_41])).
cnf(c_0_50, plain, (v2_funct_1(k2_funct_1(X1))|~v1_relat_1(X1)|~v1_funct_1(X1)|~v2_funct_1(X1)), inference(split_conjunct,[status(thm)],[c_0_42])).
cnf(c_0_51, plain, (v1_relat_1(k2_funct_1(X1))|~v1_relat_1(X1)|~v1_funct_1(X1)), inference(split_conjunct,[status(thm)],[c_0_41])).
cnf(c_0_52, plain, (v1_relat_1(X2)|~v1_relat_1(X1)|~m1_subset_1(X2,k1_zfmisc_1(X1))), inference(split_conjunct,[status(thm)],[c_0_43])).
cnf(c_0_53, plain, (v1_relat_1(k2_zfmisc_1(X1,X2))), inference(split_conjunct,[status(thm)],[c_0_44])).
cnf(c_0_54, negated_conjecture, (k9_relat_1(k2_funct_1(esk3_0),esk4_0)!=k10_relat_1(esk3_0,esk4_0)), inference(cn,[status(thm)],[inference(rw,[status(thm)],[inference(rw,[status(thm)],[inference(rw,[status(thm)],[inference(rw,[status(thm)],[inference(rw,[status(thm)],[inference(rw,[status(thm)],[inference(rw,[status(thm)],[inference(spm,[status(thm)],[c_0_45, c_0_46]), c_0_19]), c_0_27]), c_0_31]), c_0_20]), c_0_21]), c_0_22]), c_0_23])])).
cnf(c_0_55, plain, (k9_relat_1(k2_funct_1(X1),X2)=k10_relat_1(X1,X2)|~v1_relat_1(X1)|~v2_funct_1(X1)|~v1_funct_1(X1)), inference(csr,[status(thm)],[inference(csr,[status(thm)],[inference(csr,[status(thm)],[inference(spm,[status(thm)],[c_0_47, c_0_48]), c_0_49]), c_0_50]), c_0_51])).
cnf(c_0_56, negated_conjecture, (v1_relat_1(esk3_0)), inference(cn,[status(thm)],[inference(rw,[status(thm)],[inference(spm,[status(thm)],[c_0_52, c_0_21]), c_0_53])])).
cnf(c_0_57, negated_conjecture, ($false), inference(cn,[status(thm)],[inference(rw,[status(thm)],[inference(rw,[status(thm)],[inference(rw,[status(thm)],[inference(spm,[status(thm)],[c_0_54, c_0_55]), c_0_56]), c_0_20]), c_0_23])]), ['proof']).
# SZS output end CNFRefutation
# Proof object total steps             : 58
# Proof object clause steps            : 31
# Proof object formula steps           : 27
# Proof object conjectures             : 20
# Proof object clause conjectures      : 17
# Proof object formula conjectures     : 3
# Proof object initial clauses used    : 20
# Proof object initial formulas used   : 13
# Proof object generating inferences   : 9
# Proof object simplifying inferences  : 32
# Training examples: 0 positive, 0 negative
# Parsed axioms                        : 129
# Removed by relevancy pruning/SinE    : 0
# Initial clauses                      : 237
# Removed in clause preprocessing      : 8
# Initial clauses in saturation        : 229
# Processed clauses                    : 983
# ...of these trivial                  : 13
# ...subsumed                          : 311
# ...remaining for further processing  : 659
# Other redundant clauses eliminated   : 15
# Clauses deleted for lack of memory   : 0
# Backward-subsumed                    : 11
# Backward-rewritten                   : 7
# Generated clauses                    : 4372
# ...of the previous two non-trivial   : 4042
# Contextual simplify-reflections      : 26
# Paramodulations                      : 4338
# Factorizations                       : 0
# Equation resolutions                 : 34
# Propositional unsat checks           : 0
#    Propositional check models        : 0
#    Propositional check unsatisfiable : 0
#    Propositional clauses             : 0
#    Propositional clauses after purity: 0
#    Propositional unsat core size     : 0
#    Propositional preprocessing time  : 0.000
#    Propositional encoding time       : 0.000
#    Propositional solver time         : 0.000
#    Success case prop preproc time    : 0.000
#    Success case prop encoding time   : 0.000
#    Success case prop solver time     : 0.000
# Current number of processed clauses  : 636
#    Positive orientable unit clauses  : 45
#    Positive unorientable unit clauses: 0
#    Negative unit clauses             : 14
#    Non-unit-clauses                  : 577
# Current number of unprocessed clauses: 3258
# ...number of literals in the above   : 13327
# Current number of archived formulas  : 0
# Current number of archived clauses   : 19
# Clause-clause subsumption calls (NU) : 34327
# Rec. Clause-clause subsumption calls : 15428
# Non-unit clause-clause subsumptions  : 283
# Unit Clause-clause subsumption calls : 919
# Rewrite failures with RHS unbound    : 0
# BW rewrite match attempts            : 70
# BW rewrite match successes           : 3
# Condensation attempts                : 0
# Condensation successes               : 0
# Termbank termtop insertions          : 77164

# -------------------------------------------------
# User time                : 0.160 s
# System time              : 0.010 s
# Total time               : 0.169 s
# Maximum resident set size: 3148 pages
