# No SInE strategy applied
# Trying AutoSched0 for 0 seconds
# AutoSched0-Mode selected heuristic H_____011_C07_F1_PI_AE_Q4_CS_SP_PS_S0V
# and selection function PSelectComplexExceptRRHorn.
#
# Preprocessing time       : 0.020 s
# Presaturation interreduction done

# No proof found!
# SZS status CounterSatisfiable
# SZS output start Saturation
fof(t68_tops_2, conjecture, ![X1]:(l1_struct_0(X1)=>![X2]:(l1_struct_0(X2)=>![X3]:((v1_funct_1(X3)&(v1_funct_2(X3,u1_struct_0(X1),u1_struct_0(X2))&m1_subset_1(X3,k1_zfmisc_1(k2_zfmisc_1(u1_struct_0(X1),u1_struct_0(X2))))))=>![X4]:(m1_subset_1(X4,k1_zfmisc_1(u1_struct_0(X2)))=>((k2_relset_1(u1_struct_0(X1),u1_struct_0(X2),X3)=k2_struct_0(X2)&v2_funct_1(X3))=>k8_relset_1(u1_struct_0(X1),u1_struct_0(X2),X3,X4)=k7_relset_1(u1_struct_0(X2),u1_struct_0(X1),k2_tops_2(u1_struct_0(X1),u1_struct_0(X2),X3),X4)))))), file('data/example/atpboost_data/proofs/dc904d5e2efe4fe6b3117de3d505e801.p', t68_tops_2)).
fof(redefinition_k8_relset_1, axiom, ![X1, X2, X3, X4]:(m1_subset_1(X3,k1_zfmisc_1(k2_zfmisc_1(X1,X2)))=>k8_relset_1(X1,X2,X3,X4)=k10_relat_1(X3,X4)), file('data/example/atpboost_data/proofs/dc904d5e2efe4fe6b3117de3d505e801.p', redefinition_k8_relset_1)).
fof(d1_funct_2, axiom, ![X1, X2, X3]:(m1_subset_1(X3,k1_zfmisc_1(k2_zfmisc_1(X1,X2)))=>(((X2=k1_xboole_0=>X1=k1_xboole_0)=>(v1_funct_2(X3,X1,X2)<=>X1=k1_relset_1(X1,X2,X3)))&(X2=k1_xboole_0=>(X1=k1_xboole_0|(v1_funct_2(X3,X1,X2)<=>X3=k1_xboole_0))))), file('data/example/atpboost_data/proofs/dc904d5e2efe4fe6b3117de3d505e801.p', d1_funct_2)).
fof(redefinition_k7_relset_1, axiom, ![X1, X2, X3, X4]:(m1_subset_1(X3,k1_zfmisc_1(k2_zfmisc_1(X1,X2)))=>k7_relset_1(X1,X2,X3,X4)=k9_relat_1(X3,X4)), file('data/example/atpboost_data/proofs/dc904d5e2efe4fe6b3117de3d505e801.p', redefinition_k7_relset_1)).
fof(t3_subset, axiom, ![X1, X2]:(m1_subset_1(X1,k1_zfmisc_1(X2))<=>r1_tarski(X1,X2)), file('data/example/atpboost_data/proofs/dc904d5e2efe4fe6b3117de3d505e801.p', t3_subset)).
fof(redefinition_k1_relset_1, axiom, ![X1, X2, X3]:(m1_subset_1(X3,k1_zfmisc_1(k2_zfmisc_1(X1,X2)))=>k1_relset_1(X1,X2,X3)=k1_relat_1(X3)), file('data/example/atpboost_data/proofs/dc904d5e2efe4fe6b3117de3d505e801.p', redefinition_k1_relset_1)).
fof(cc1_relset_1, axiom, ![X1, X2, X3]:(m1_subset_1(X3,k1_zfmisc_1(k2_zfmisc_1(X1,X2)))=>v1_relat_1(X3)), file('data/example/atpboost_data/proofs/dc904d5e2efe4fe6b3117de3d505e801.p', cc1_relset_1)).
fof(redefinition_k2_relset_1, axiom, ![X1, X2, X3]:(m1_subset_1(X3,k1_zfmisc_1(k2_zfmisc_1(X1,X2)))=>k2_relset_1(X1,X2,X3)=k2_relat_1(X3)), file('data/example/atpboost_data/proofs/dc904d5e2efe4fe6b3117de3d505e801.p', redefinition_k2_relset_1)).
fof(d3_struct_0, axiom, ![X1]:(l1_struct_0(X1)=>k2_struct_0(X1)=u1_struct_0(X1)), file('data/example/atpboost_data/proofs/dc904d5e2efe4fe6b3117de3d505e801.p', d3_struct_0)).
fof(c_0_9, negated_conjecture, ~(![X1]:(l1_struct_0(X1)=>![X2]:(l1_struct_0(X2)=>![X3]:((v1_funct_1(X3)&(v1_funct_2(X3,u1_struct_0(X1),u1_struct_0(X2))&m1_subset_1(X3,k1_zfmisc_1(k2_zfmisc_1(u1_struct_0(X1),u1_struct_0(X2))))))=>![X4]:(m1_subset_1(X4,k1_zfmisc_1(u1_struct_0(X2)))=>((k2_relset_1(u1_struct_0(X1),u1_struct_0(X2),X3)=k2_struct_0(X2)&v2_funct_1(X3))=>k8_relset_1(u1_struct_0(X1),u1_struct_0(X2),X3,X4)=k7_relset_1(u1_struct_0(X2),u1_struct_0(X1),k2_tops_2(u1_struct_0(X1),u1_struct_0(X2),X3),X4))))))), inference(assume_negation,[status(cth)],[t68_tops_2])).
fof(c_0_10, plain, ![X19, X20, X21, X22]:(~m1_subset_1(X21,k1_zfmisc_1(k2_zfmisc_1(X19,X20)))|k8_relset_1(X19,X20,X21,X22)=k10_relat_1(X21,X22)), inference(variable_rename,[status(thm)],[inference(fof_nnf,[status(thm)],[redefinition_k8_relset_1])])).
fof(c_0_11, negated_conjecture, (l1_struct_0(esk1_0)&(l1_struct_0(esk2_0)&((v1_funct_1(esk3_0)&(v1_funct_2(esk3_0,u1_struct_0(esk1_0),u1_struct_0(esk2_0))&m1_subset_1(esk3_0,k1_zfmisc_1(k2_zfmisc_1(u1_struct_0(esk1_0),u1_struct_0(esk2_0))))))&(m1_subset_1(esk4_0,k1_zfmisc_1(u1_struct_0(esk2_0)))&((k2_relset_1(u1_struct_0(esk1_0),u1_struct_0(esk2_0),esk3_0)=k2_struct_0(esk2_0)&v2_funct_1(esk3_0))&k8_relset_1(u1_struct_0(esk1_0),u1_struct_0(esk2_0),esk3_0,esk4_0)!=k7_relset_1(u1_struct_0(esk2_0),u1_struct_0(esk1_0),k2_tops_2(u1_struct_0(esk1_0),u1_struct_0(esk2_0),esk3_0),esk4_0)))))), inference(skolemize,[status(esa)],[inference(variable_rename,[status(thm)],[inference(fof_nnf,[status(thm)],[c_0_9])])])).
fof(c_0_12, plain, ![X12, X13, X14]:((((~v1_funct_2(X14,X12,X13)|X12=k1_relset_1(X12,X13,X14)|X13=k1_xboole_0|~m1_subset_1(X14,k1_zfmisc_1(k2_zfmisc_1(X12,X13))))&(X12!=k1_relset_1(X12,X13,X14)|v1_funct_2(X14,X12,X13)|X13=k1_xboole_0|~m1_subset_1(X14,k1_zfmisc_1(k2_zfmisc_1(X12,X13)))))&((~v1_funct_2(X14,X12,X13)|X12=k1_relset_1(X12,X13,X14)|X12!=k1_xboole_0|~m1_subset_1(X14,k1_zfmisc_1(k2_zfmisc_1(X12,X13))))&(X12!=k1_relset_1(X12,X13,X14)|v1_funct_2(X14,X12,X13)|X12!=k1_xboole_0|~m1_subset_1(X14,k1_zfmisc_1(k2_zfmisc_1(X12,X13))))))&((~v1_funct_2(X14,X12,X13)|X14=k1_xboole_0|X12=k1_xboole_0|X13!=k1_xboole_0|~m1_subset_1(X14,k1_zfmisc_1(k2_zfmisc_1(X12,X13))))&(X14!=k1_xboole_0|v1_funct_2(X14,X12,X13)|X12=k1_xboole_0|X13!=k1_xboole_0|~m1_subset_1(X14,k1_zfmisc_1(k2_zfmisc_1(X12,X13)))))), inference(distribute,[status(thm)],[inference(variable_rename,[status(thm)],[inference(fof_nnf,[status(thm)],[d1_funct_2])])])).
cnf(c_0_13, plain, (k8_relset_1(X2,X3,X1,X4)=k10_relat_1(X1,X4)|~m1_subset_1(X1,k1_zfmisc_1(k2_zfmisc_1(X2,X3)))), inference(split_conjunct,[status(thm)],[c_0_10]), ['final']).
cnf(c_0_14, negated_conjecture, (m1_subset_1(esk3_0,k1_zfmisc_1(k2_zfmisc_1(u1_struct_0(esk1_0),u1_struct_0(esk2_0))))), inference(split_conjunct,[status(thm)],[c_0_11]), ['final']).
fof(c_0_15, plain, ![X15, X16, X17, X18]:(~m1_subset_1(X17,k1_zfmisc_1(k2_zfmisc_1(X15,X16)))|k7_relset_1(X15,X16,X17,X18)=k9_relat_1(X17,X18)), inference(variable_rename,[status(thm)],[inference(fof_nnf,[status(thm)],[redefinition_k7_relset_1])])).
fof(c_0_16, plain, ![X10, X11]:((~m1_subset_1(X10,k1_zfmisc_1(X11))|r1_tarski(X10,X11))&(~r1_tarski(X10,X11)|m1_subset_1(X10,k1_zfmisc_1(X11)))), inference(variable_rename,[status(thm)],[inference(fof_nnf,[status(thm)],[t3_subset])])).
fof(c_0_17, plain, ![X29, X30, X31]:(~m1_subset_1(X31,k1_zfmisc_1(k2_zfmisc_1(X29,X30)))|k1_relset_1(X29,X30,X31)=k1_relat_1(X31)), inference(variable_rename,[status(thm)],[inference(fof_nnf,[status(thm)],[redefinition_k1_relset_1])])).
cnf(c_0_18, plain, (X1=k1_xboole_0|X2=k1_xboole_0|~v1_funct_2(X1,X2,X3)|X3!=k1_xboole_0|~m1_subset_1(X1,k1_zfmisc_1(k2_zfmisc_1(X2,X3)))), inference(split_conjunct,[status(thm)],[c_0_12]), ['final']).
cnf(c_0_19, negated_conjecture, (k8_relset_1(u1_struct_0(esk1_0),u1_struct_0(esk2_0),esk3_0,esk4_0)!=k7_relset_1(u1_struct_0(esk2_0),u1_struct_0(esk1_0),k2_tops_2(u1_struct_0(esk1_0),u1_struct_0(esk2_0),esk3_0),esk4_0)), inference(split_conjunct,[status(thm)],[c_0_11])).
cnf(c_0_20, negated_conjecture, (k8_relset_1(u1_struct_0(esk1_0),u1_struct_0(esk2_0),esk3_0,X1)=k10_relat_1(esk3_0,X1)), inference(spm,[status(thm)],[c_0_13, c_0_14]), ['final']).
cnf(c_0_21, plain, (k7_relset_1(X2,X3,X1,X4)=k9_relat_1(X1,X4)|~m1_subset_1(X1,k1_zfmisc_1(k2_zfmisc_1(X2,X3)))), inference(split_conjunct,[status(thm)],[c_0_15]), ['final']).
cnf(c_0_22, plain, (m1_subset_1(X1,k1_zfmisc_1(X2))|~r1_tarski(X1,X2)), inference(split_conjunct,[status(thm)],[c_0_16]), ['final']).
cnf(c_0_23, plain, (k1_relset_1(X2,X3,X1)=k1_relat_1(X1)|~m1_subset_1(X1,k1_zfmisc_1(k2_zfmisc_1(X2,X3)))), inference(split_conjunct,[status(thm)],[c_0_17]), ['final']).
fof(c_0_24, plain, ![X26, X27, X28]:(~m1_subset_1(X28,k1_zfmisc_1(k2_zfmisc_1(X26,X27)))|v1_relat_1(X28)), inference(variable_rename,[status(thm)],[inference(fof_nnf,[status(thm)],[cc1_relset_1])])).
fof(c_0_25, plain, ![X23, X24, X25]:(~m1_subset_1(X25,k1_zfmisc_1(k2_zfmisc_1(X23,X24)))|k2_relset_1(X23,X24,X25)=k2_relat_1(X25)), inference(variable_rename,[status(thm)],[inference(fof_nnf,[status(thm)],[redefinition_k2_relset_1])])).
cnf(c_0_26, plain, (X1=k1_xboole_0|X2!=k1_xboole_0|~m1_subset_1(X1,k1_zfmisc_1(k2_zfmisc_1(X1,X2)))|~v1_funct_2(X1,X1,X2)), inference(ef,[status(thm)],[c_0_18]), ['final']).
cnf(c_0_27, negated_conjecture, (k7_relset_1(u1_struct_0(esk2_0),u1_struct_0(esk1_0),k2_tops_2(u1_struct_0(esk1_0),u1_struct_0(esk2_0),esk3_0),esk4_0)!=k10_relat_1(esk3_0,esk4_0)), inference(rw,[status(thm)],[c_0_19, c_0_20]), ['final']).
cnf(c_0_28, plain, (k7_relset_1(X1,X2,X3,X4)=k9_relat_1(X3,X4)|~r1_tarski(X3,k2_zfmisc_1(X1,X2))), inference(spm,[status(thm)],[c_0_21, c_0_22]), ['final']).
cnf(c_0_29, plain, (X2=k1_relset_1(X2,X3,X1)|X3=k1_xboole_0|~v1_funct_2(X1,X2,X3)|~m1_subset_1(X1,k1_zfmisc_1(k2_zfmisc_1(X2,X3)))), inference(split_conjunct,[status(thm)],[c_0_12]), ['final']).
cnf(c_0_30, plain, (v1_funct_2(X1,X2,X3)|X2=k1_xboole_0|X1!=k1_xboole_0|X3!=k1_xboole_0|~m1_subset_1(X1,k1_zfmisc_1(k2_zfmisc_1(X2,X3)))), inference(split_conjunct,[status(thm)],[c_0_12]), ['final']).
cnf(c_0_31, plain, (v1_funct_2(X3,X1,X2)|X2=k1_xboole_0|X1!=k1_relset_1(X1,X2,X3)|~m1_subset_1(X3,k1_zfmisc_1(k2_zfmisc_1(X1,X2)))), inference(split_conjunct,[status(thm)],[c_0_12]), ['final']).
cnf(c_0_32, plain, (v1_funct_2(X3,X1,X2)|X1!=k1_relset_1(X1,X2,X3)|X1!=k1_xboole_0|~m1_subset_1(X3,k1_zfmisc_1(k2_zfmisc_1(X1,X2)))), inference(split_conjunct,[status(thm)],[c_0_12]), ['final']).
cnf(c_0_33, plain, (X2=k1_relset_1(X2,X3,X1)|~v1_funct_2(X1,X2,X3)|X2!=k1_xboole_0|~m1_subset_1(X1,k1_zfmisc_1(k2_zfmisc_1(X2,X3)))), inference(split_conjunct,[status(thm)],[c_0_12]), ['final']).
cnf(c_0_34, negated_conjecture, (v1_funct_2(esk3_0,u1_struct_0(esk1_0),u1_struct_0(esk2_0))), inference(split_conjunct,[status(thm)],[c_0_11]), ['final']).
cnf(c_0_35, negated_conjecture, (k1_relset_1(u1_struct_0(esk1_0),u1_struct_0(esk2_0),esk3_0)=k1_relat_1(esk3_0)), inference(spm,[status(thm)],[c_0_23, c_0_14]), ['final']).
cnf(c_0_36, plain, (v1_relat_1(X1)|~m1_subset_1(X1,k1_zfmisc_1(k2_zfmisc_1(X2,X3)))), inference(split_conjunct,[status(thm)],[c_0_24]), ['final']).
cnf(c_0_37, plain, (k2_relset_1(X2,X3,X1)=k2_relat_1(X1)|~m1_subset_1(X1,k1_zfmisc_1(k2_zfmisc_1(X2,X3)))), inference(split_conjunct,[status(thm)],[c_0_25]), ['final']).
fof(c_0_38, plain, ![X9]:(~l1_struct_0(X9)|k2_struct_0(X9)=u1_struct_0(X9)), inference(variable_rename,[status(thm)],[inference(fof_nnf,[status(thm)],[d3_struct_0])])).
cnf(c_0_39, plain, (r1_tarski(X1,X2)|~m1_subset_1(X1,k1_zfmisc_1(X2))), inference(split_conjunct,[status(thm)],[c_0_16]), ['final']).
cnf(c_0_40, negated_conjecture, (m1_subset_1(esk4_0,k1_zfmisc_1(u1_struct_0(esk2_0)))), inference(split_conjunct,[status(thm)],[c_0_11]), ['final']).
cnf(c_0_41, negated_conjecture, (k2_relset_1(u1_struct_0(esk1_0),u1_struct_0(esk2_0),esk3_0)=k2_struct_0(esk2_0)), inference(split_conjunct,[status(thm)],[c_0_11]), ['final']).
cnf(c_0_42, plain, (X1=k1_xboole_0|X2=k1_xboole_0|X3!=k1_xboole_0|~r1_tarski(X1,k2_zfmisc_1(X2,X3))|~v1_funct_2(X1,X2,X3)), inference(spm,[status(thm)],[c_0_18, c_0_22]), ['final']).
cnf(c_0_43, plain, (X1=k1_xboole_0|X2!=k1_xboole_0|~r1_tarski(X1,k2_zfmisc_1(X1,X2))|~v1_funct_2(X1,X1,X2)), inference(spm,[status(thm)],[c_0_26, c_0_22]), ['final']).
cnf(c_0_44, negated_conjecture, (k9_relat_1(k2_tops_2(u1_struct_0(esk1_0),u1_struct_0(esk2_0),esk3_0),esk4_0)!=k10_relat_1(esk3_0,esk4_0)|~r1_tarski(k2_tops_2(u1_struct_0(esk1_0),u1_struct_0(esk2_0),esk3_0),k2_zfmisc_1(u1_struct_0(esk2_0),u1_struct_0(esk1_0)))), inference(spm,[status(thm)],[c_0_27, c_0_28]), ['final']).
cnf(c_0_45, plain, (k1_relset_1(X1,X2,X3)=X1|X2=k1_xboole_0|~r1_tarski(X3,k2_zfmisc_1(X1,X2))|~v1_funct_2(X3,X1,X2)), inference(spm,[status(thm)],[c_0_29, c_0_22]), ['final']).
cnf(c_0_46, plain, (X1=k1_xboole_0|v1_funct_2(X2,X1,X3)|X3!=k1_xboole_0|X2!=k1_xboole_0|~r1_tarski(X2,k2_zfmisc_1(X1,X3))), inference(spm,[status(thm)],[c_0_30, c_0_22]), ['final']).
cnf(c_0_47, plain, (X1=k1_xboole_0|v1_funct_2(X2,X3,X1)|k1_relset_1(X3,X1,X2)!=X3|~r1_tarski(X2,k2_zfmisc_1(X3,X1))), inference(spm,[status(thm)],[c_0_31, c_0_22]), ['final']).
cnf(c_0_48, plain, (v1_funct_2(X1,X2,X3)|k1_relset_1(X2,X3,X1)!=X2|X2!=k1_xboole_0|~r1_tarski(X1,k2_zfmisc_1(X2,X3))), inference(spm,[status(thm)],[c_0_32, c_0_22]), ['final']).
cnf(c_0_49, plain, (k1_relset_1(X1,X2,X3)=X1|X1!=k1_xboole_0|~r1_tarski(X3,k2_zfmisc_1(X1,X2))|~v1_funct_2(X3,X1,X2)), inference(spm,[status(thm)],[c_0_33, c_0_22]), ['final']).
cnf(c_0_50, plain, (k8_relset_1(X1,X2,X3,X4)=k10_relat_1(X3,X4)|~r1_tarski(X3,k2_zfmisc_1(X1,X2))), inference(spm,[status(thm)],[c_0_13, c_0_22]), ['final']).
cnf(c_0_51, negated_conjecture, (k1_relat_1(esk3_0)=u1_struct_0(esk1_0)|u1_struct_0(esk1_0)!=k1_xboole_0), inference(rw,[status(thm)],[inference(cn,[status(thm)],[inference(rw,[status(thm)],[inference(spm,[status(thm)],[c_0_33, c_0_14]), c_0_34])]), c_0_35]), ['final']).
cnf(c_0_52, negated_conjecture, (k1_relat_1(esk3_0)=u1_struct_0(esk1_0)|u1_struct_0(esk2_0)=k1_xboole_0), inference(cn,[status(thm)],[inference(rw,[status(thm)],[inference(rw,[status(thm)],[inference(spm,[status(thm)],[c_0_29, c_0_35]), c_0_14]), c_0_34])]), ['final']).
cnf(c_0_53, plain, (v1_relat_1(X1)|~r1_tarski(X1,k2_zfmisc_1(X2,X3))), inference(spm,[status(thm)],[c_0_36, c_0_22]), ['final']).
cnf(c_0_54, plain, (k1_relset_1(X1,X2,X3)=k1_relat_1(X3)|~r1_tarski(X3,k2_zfmisc_1(X1,X2))), inference(spm,[status(thm)],[c_0_23, c_0_22]), ['final']).
cnf(c_0_55, plain, (k2_relset_1(X1,X2,X3)=k2_relat_1(X3)|~r1_tarski(X3,k2_zfmisc_1(X1,X2))), inference(spm,[status(thm)],[c_0_37, c_0_22]), ['final']).
cnf(c_0_56, negated_conjecture, (u1_struct_0(esk1_0)=k1_xboole_0|esk3_0=k1_xboole_0|u1_struct_0(esk2_0)!=k1_xboole_0), inference(cn,[status(thm)],[inference(rw,[status(thm)],[inference(spm,[status(thm)],[c_0_18, c_0_14]), c_0_34])]), ['final']).
cnf(c_0_57, plain, (k2_struct_0(X1)=u1_struct_0(X1)|~l1_struct_0(X1)), inference(split_conjunct,[status(thm)],[c_0_38]), ['final']).
cnf(c_0_58, negated_conjecture, (k7_relset_1(u1_struct_0(esk1_0),u1_struct_0(esk2_0),esk3_0,X1)=k9_relat_1(esk3_0,X1)), inference(spm,[status(thm)],[c_0_21, c_0_14]), ['final']).
cnf(c_0_59, negated_conjecture, (r1_tarski(esk3_0,k2_zfmisc_1(u1_struct_0(esk1_0),u1_struct_0(esk2_0)))), inference(spm,[status(thm)],[c_0_39, c_0_14]), ['final']).
cnf(c_0_60, negated_conjecture, (r1_tarski(esk4_0,u1_struct_0(esk2_0))), inference(spm,[status(thm)],[c_0_39, c_0_40]), ['final']).
cnf(c_0_61, negated_conjecture, (k2_relat_1(esk3_0)=k2_struct_0(esk2_0)), inference(rw,[status(thm)],[inference(spm,[status(thm)],[c_0_37, c_0_14]), c_0_41]), ['final']).
cnf(c_0_62, negated_conjecture, (v1_relat_1(esk3_0)), inference(spm,[status(thm)],[c_0_36, c_0_14]), ['final']).
cnf(c_0_63, negated_conjecture, (v2_funct_1(esk3_0)), inference(split_conjunct,[status(thm)],[c_0_11]), ['final']).
cnf(c_0_64, negated_conjecture, (v1_funct_1(esk3_0)), inference(split_conjunct,[status(thm)],[c_0_11]), ['final']).
cnf(c_0_65, negated_conjecture, (l1_struct_0(esk2_0)), inference(split_conjunct,[status(thm)],[c_0_11]), ['final']).
cnf(c_0_66, negated_conjecture, (l1_struct_0(esk1_0)), inference(split_conjunct,[status(thm)],[c_0_11]), ['final']).
# SZS output end Saturation
# Proof object total steps             : 67
# Proof object clause steps            : 48
# Proof object formula steps           : 19
# Proof object conjectures             : 24
# Proof object clause conjectures      : 21
# Proof object formula conjectures     : 3
# Proof object initial clauses used    : 23
# Proof object initial formulas used   : 9
# Proof object generating inferences   : 24
# Proof object simplifying inferences  : 10
# Parsed axioms                        : 9
# Removed by relevancy pruning/SinE    : 0
# Initial clauses                      : 23
# Removed in clause preprocessing      : 0
# Initial clauses in saturation        : 23
# Processed clauses                    : 83
# ...of these trivial                  : 1
# ...subsumed                          : 11
# ...remaining for further processing  : 71
# Other redundant clauses eliminated   : 4
# Clauses deleted for lack of memory   : 0
# Backward-subsumed                    : 0
# Backward-rewritten                   : 1
# Generated clauses                    : 57
# ...of the previous two non-trivial   : 37
# Contextual simplify-reflections      : 0
# Paramodulations                      : 37
# Factorizations                       : 16
# Equation resolutions                 : 4
# Propositional unsat checks           : 0
#    Propositional check models        : 0
#    Propositional check unsatisfiable : 0
#    Propositional clauses             : 0
#    Propositional clauses after purity: 0
#    Propositional unsat core size     : 0
#    Propositional preprocessing time  : 0.000
#    Propositional encoding time       : 0.000
#    Propositional solver time         : 0.000
#    Success case prop preproc time    : 0.000
#    Success case prop encoding time   : 0.000
#    Success case prop solver time     : 0.000
# Current number of processed clauses  : 47
#    Positive orientable unit clauses  : 15
#    Positive unorientable unit clauses: 0
#    Negative unit clauses             : 1
#    Non-unit-clauses                  : 31
# Current number of unprocessed clauses: 0
# ...number of literals in the above   : 0
# Current number of archived formulas  : 0
# Current number of archived clauses   : 24
# Clause-clause subsumption calls (NU) : 327
# Rec. Clause-clause subsumption calls : 112
# Non-unit clause-clause subsumptions  : 11
# Unit Clause-clause subsumption calls : 1
# Rewrite failures with RHS unbound    : 0
# BW rewrite match attempts            : 1
# BW rewrite match successes           : 1
# Condensation attempts                : 0
# Condensation successes               : 0
# Termbank termtop insertions          : 2444

# -------------------------------------------------
# User time                : 0.026 s
# System time              : 0.000 s
# Total time               : 0.026 s
# Maximum resident set size: 3376 pages
